#################### ###################################################################################################################################################
### Graball v1.0 ### ###################################################################################################################################################
#################### ###################################################################################################################################################

System component loaded: Graball.Output.Console v1.0
System component loaded: Graball.Output.File v1.0
System component loaded: Graball.Input.CommandLine v1.0
System component loaded: Graball.Input.Console v1.0
System component loaded: Graball.Input.File v1.0
System component loaded: Graball.Module.Domains v1.0

Available modules:
 1) Internet domains

Choose or input blank to exit: 1) Internet domains

Operations:
 1) Local database
 2) Domain Availability
 3) Consult WHOIS
 4) Consult WHOIS with Dictionary
 5) Consult WHOIS with Brute Force
 6) Services on the Internet

Choose or input blank to exit: 3) Consult WHOIS

WHOIS Consultation. Enter the domain:
> globo.com

############################################################
whois.internic.net:43 - globo.com
############################################################

   Domain Name: GLOBO.COM
   Registry Domain ID: 2822135_DOMAIN_COM-VRSN
   Registrar WHOIS Server: whois.1api.net
   Registrar URL: http://www.1api.net
   Updated Date: 2019-03-01T22:43:35Z
   Creation Date: 1998-12-21T05:00:00Z
   Registry Expiry Date: 2025-12-21T05:00:00Z
   Registrar: 1API GmbH
   Registrar IANA ID: 1387
   Registrar Abuse Contact Email: abuse@1api.net
   Registrar Abuse Contact Phone: +49.68949396850
   Domain Status: clientDeleteProhibited https://icann.org/epp#clientDeleteProhibited
   Domain Status: clientTransferProhibited https://icann.org/epp#clientTransferProhibited
   Name Server: NS01.GLOBO.COM
   Name Server: NS02.GLOBO.COM
   Name Server: NS03.GLOBO.COM
   Name Server: NS04.GLOBO.COM
   DNSSEC: unsigned
   URL of the ICANN Whois Inaccuracy Complaint Form: https://www.icann.org/wicf/
>>> Last update of whois database: 2022-06-24T16:38:48Z <<<

For more information on Whois status codes, please visit https://icann.org/epp

NOTICE: The expiration date displayed in this record is the date the
registrar's sponsorship of the domain name registration in the registry is
currently set to expire. This date does not necessarily reflect the expiration
date of the domain name registrant's agreement with the sponsoring
registrar.  Users may consult the sponsoring registrar's Whois database to
view the registrar's reported date of expiration for this registration.

TERMS OF USE: You are not authorized to access or query our Whois
database through the use of electronic processes that are high-volume and
automated except as reasonably necessary to register domain names or
modify existing registrations; the Data in VeriSign Global Registry
Services' ("VeriSign") Whois database is provided by VeriSign for
information purposes only, and to assist persons in obtaining information
about or related to a domain name registration record. VeriSign does not
guarantee its accuracy. By submitting a Whois query, you agree to abide
by the following terms of use: You agree that you may use this Data only
for lawful purposes and that under no circumstances will you use this Data
to: (1) allow, enable, or otherwise support the transmission of mass
unsolicited, commercial advertising or solicitations via e-mail, telephone,
or facsimile; or (2) enable high volume, automated, electronic processes
that apply to VeriSign (or its computer systems). The compilation,
repackaging, dissemination or other use of this Data is expressly
prohibited without the prior written consent of VeriSign. You agree not to
use electronic processes that are automated and high-volume to access or
query the Whois database except as reasonably necessary to register
domain names or modify existing registrations. VeriSign reserves the right
to restrict your access to the Whois database in its sole discretion to ensure
operational stability.  VeriSign may restrict or terminate your access to the
Whois database for failure to abide by these terms of use. VeriSign
reserves the right to modify these terms at any time.

The Registry database contains ONLY .COM, .NET, .EDU domains and
Registrars.


############################################################
whois.1api.net:43 - globo.com
############################################################


Domain Name: GLOBO.COM
Registry Domain ID: 2822135_DOMAIN_COM-VRSN
Registrar WHOIS Server: whois.1api.net
Registrar URL: http://www.1api.net
Updated Date: 2018-05-23T16:27:41Z
Creation Date: 1998-12-21T05:00:00Z
Registrar Registration Expiration Date: 2025-12-21T05:00:00Z
Registrar: 1API GmbH
Registrar IANA ID: 1387
Registrar Abuse Contact Email: abuse@1api.net
Registrar Abuse Contact Phone: +49.68949396x850
Domain Status: clientDeleteProhibited - http://www.icann.org/epp#clientDeleteProhibited
Domain Status: clientTransferProhibited - http://www.icann.org/epp#clientTransferProhibited
Registry Registrant ID: 
Registrant Name: Globo Comunicacao e Participacoes S/A
Registrant Organization: 27.865.757/0001-02
Registrant Street: Rua Lopes Quintas
303
Registrant City: Rio de Janeiro
Registrant State/Province: RJ
Registrant Postal Code: 22460-010
Registrant Country: BR
Registrant Phone: +55.2125402000
Registrant Phone Ext: 
Registrant Fax: 
Registrant Fax Ext: 
Registrant Email: dns-admin@corp.globo.com
Registry Admin ID: 
Admin Name: Globo Comunicacao e Participacoes S.A.
Admin Organization: 
Admin Street: Av das Americas
700
Admin City: Rio de Janeiro
Admin State/Province: RJ
Admin Postal Code: 22640100
Admin Country: BR
Admin Phone: +55.2125402000
Admin Phone Ext: 
Admin Fax: 
Admin Fax Ext: 
Admin Email: dns-admin@corp.globo.com
Registry Tech ID: 
Tech Name: Globo Comunicacao e Participacoes S.A.
Tech Organization: 
Tech Street: Av das Americas
700
Tech City: Rio de Janeiro
Tech State/Province: RJ
Tech Postal Code: 22640100
Tech Country: BR
Tech Phone: +55.2125402000
Tech Phone Ext: 
Tech Fax: 
Tech Fax Ext: 
Tech Email: dns-tech@corp.globo.com
Name Server: ns01.globo.com 131.0.24.26 2804:0294:0100:0803:0131:0000:0024:0026
Name Server: ns02.globo.com 186.192.89.18
Name Server: ns03.globo.com 186.192.89.5 2804:0294:4000:8001:0000:0000:0000:0005
Name Server: ns04.globo.com 177.53.95.213 2804:0294:8000:0200:0177:0053:0095:0213
DNSSEC: unsigned
URL of the ICANN WHOIS Data Problem Reporting System:
http://wdprs.internic.net/
>>> Last update of WHOIS database: 2022-06-24T16:38:58Z <<<

For more information on Whois status codes, please visit https://www.icann.org/resources/pages/epp-status-codes-2014-06-16-en.

; This data is provided for information purposes, and to assist persons
; obtaining information about or related to domain name registration
; records. We do not guarantee its accuracy.
; By submitting a WHOIS query, you agree that you will use this data
; only for lawful purposes and that, under no circumstances, you will
; use this data to
; 1) allow, enable, or otherwise support the transmission of mass
;    unsolicited, commercial advertising or solicitations via E-mail
;    (spam); or
; 2) enable high volume, automated, electronic processes that apply
;    to this WHOIS server.
; These terms may be changed without prior notice.
; By submitting this query, you agree to abide by this policy.

    GLOBO.COM
    ^^^^^^^^^
         Name: globo
       Suffix: .com
          TLD: .com
       Length: 5
       Status: Registered
      Updated: 2022-06-24 13:38:55

WHOIS Consultation. Enter the domain:
> (blank)

Operations:
 1) Local database
 2) Domain Availability
 3) Consult WHOIS
 4) Consult WHOIS with Dictionary
 5) Consult WHOIS with Brute Force
 6) Services on the Internet

Choose or input blank to exit: 2) Domain Availability

Enter a domain name to verify:
> globo.com

To pause use [P], to stop use [ESC].

 Updated         | Status         | Domain Name
-----------------|----------------|-----------------------------------------
 2022-06-24      | Available      | globo.com.ac
 2022-06-24      | Available      | globo.com.ad
 2022-06-24      | Available      | globo.com.ae
 2022-06-24      | Available      | globo.com.aero
 2022-06-24      | Registered     | globo.com.af
 2022-06-24      | Available      | globo.com.ag
 2022-06-24      | Available      | globo.com.ai
 2022-06-24      | Available      | globo.com.al
 2022-06-24      | Available      | globo.com.am
 2022-06-24      | Available      | globo.com.as
 2022-06-24      | Available      | globo.com.asia
 2022-06-24      | Available      | globo.com.at
 2022-06-24      | Registered     | globo.com.au
 2022-06-24      | Available      | globo.com.aw
 2022-06-24      | Available      | globo.com.ax
 2022-06-24      | Available      | globo.com.az
 2022-06-24      | Available      | globo.com.ba
 2022-06-24      | Available      | globo.com.bar
 2022-06-24      | Available      | globo.com.be
 2022-06-24      | Available      | globo.com.berlin
 2022-06-24      | Available      | globo.com.best
 2022-06-24      | Registered     | globo.com.bg
 2022-06-24      | Registered     | globo.com.bi
 2022-06-24      | Available      | globo.com.biz
